0 info it worked if it ends with ok
1 verbose cli [ '/usr/bin/node', '/usr/bin/npm', 'link', 'when' ]
2 info using npm@1.4.28
3 info using node@v0.10.36
4 verbose node symlink /usr/bin/node
5 verbose install where,what [ '/usr/lib', [ 'when' ] ]
6 verbose cache add [ 'when', null ]
7 verbose cache add name=undefined spec="when" args=["when",null]
8 verbose parsed url { protocol: null,
8 verbose parsed url   slashes: null,
8 verbose parsed url   auth: null,
8 verbose parsed url   host: null,
8 verbose parsed url   port: null,
8 verbose parsed url   hostname: null,
8 verbose parsed url   hash: null,
8 verbose parsed url   search: null,
8 verbose parsed url   query: null,
8 verbose parsed url   pathname: 'when',
8 verbose parsed url   path: 'when',
8 verbose parsed url   href: 'when' }
9 silly lockFile 30603fa9-when when
10 verbose lock when /home/vinaykumar/.npm/30603fa9-when.lock
11 silly lockFile 30603fa9-when when
12 silly lockFile 30603fa9-when when
13 verbose addNamed [ 'when', '' ]
14 verbose addNamed [ null, '*' ]
15 silly lockFile 3ec6522e-when when@
16 verbose lock when@ /home/vinaykumar/.npm/3ec6522e-when.lock
17 silly addNameRange { name: 'when', range: '*', hasData: false }
18 verbose registry.get https://registry.npmjs.org/when not expired, no request
19 silly addNameRange number 2 { name: 'when', range: '*', hasData: true }
20 silly addNameRange versions [ 'when',
20 silly addNameRange   [ '1.2.0',
20 silly addNameRange     '1.3.0',
20 silly addNameRange     '1.4.0',
20 silly addNameRange     '1.4.1',
20 silly addNameRange     '1.4.2',
20 silly addNameRange     '1.4.3',
20 silly addNameRange     '1.4.4',
20 silly addNameRange     '1.5.0',
20 silly addNameRange     '1.5.1',
20 silly addNameRange     '1.5.2',
20 silly addNameRange     '1.6.0',
20 silly addNameRange     '1.6.1',
20 silly addNameRange     '1.7.0',
20 silly addNameRange     '1.7.1',
20 silly addNameRange     '1.8.0',
20 silly addNameRange     '1.8.1',
20 silly addNameRange     '2.0.0',
20 silly addNameRange     '2.0.1',
20 silly addNameRange     '2.1.0',
20 silly addNameRange     '2.1.1',
20 silly addNameRange     '2.2.0',
20 silly addNameRange     '2.2.1',
20 silly addNameRange     '2.3.0',
20 silly addNameRange     '2.4.0',
20 silly addNameRange     '2.5.0',
20 silly addNameRange     '2.5.1',
20 silly addNameRange     '2.6.0',
20 silly addNameRange     '2.7.0',
20 silly addNameRange     '2.7.1',
20 silly addNameRange     '2.8.0',
20 silly addNameRange     '3.0.0',
20 silly addNameRange     '3.0.1',
20 silly addNameRange     '3.1.0',
20 silly addNameRange     '3.2.0',
20 silly addNameRange     '3.2.1',
20 silly addNameRange     '3.2.2',
20 silly addNameRange     '3.2.3',
20 silly addNameRange     '3.3.0',
20 silly addNameRange     '3.3.1',
20 silly addNameRange     '3.4.0',
20 silly addNameRange     '3.4.1',
20 silly addNameRange     '3.4.2',
20 silly addNameRange     '3.4.3',
20 silly addNameRange     '3.4.4',
20 silly addNameRange     '3.4.5',
20 silly addNameRange     '3.4.6',
20 silly addNameRange     '3.5.0',
20 silly addNameRange     '3.5.1',
20 silly addNameRange     '3.5.2',
20 silly addNameRange     '3.6.0',
20 silly addNameRange     '3.6.1',
20 silly addNameRange     '3.6.2',
20 silly addNameRange     '3.6.3',
20 silly addNameRange     '3.6.4',
20 silly addNameRange     '3.7.0',
20 silly addNameRange     '3.7.1',
20 silly addNameRange     '3.7.2' ] ]
21 verbose addNamed [ 'when', '3.7.2' ]
22 verbose addNamed [ '3.7.2', '3.7.2' ]
23 silly lockFile e1f976cd-when-3-7-2 when@3.7.2
24 verbose lock when@3.7.2 /home/vinaykumar/.npm/e1f976cd-when-3-7-2.lock
25 silly lockFile e1f976cd-when-3-7-2 when@3.7.2
26 silly lockFile e1f976cd-when-3-7-2 when@3.7.2
27 silly lockFile 3ec6522e-when when@
28 silly lockFile 3ec6522e-when when@
29 silly resolved [ { name: 'when',
29 silly resolved     version: '3.7.2',
29 silly resolved     description: 'A lightweight Promises/A+ and when() implementation, plus other async goodies.',
29 silly resolved     keywords:
29 silly resolved      [ 'cujo',
29 silly resolved        'Promises/A+',
29 silly resolved        'promises-aplus',
29 silly resolved        'promise',
29 silly resolved        'promises',
29 silly resolved        'deferred',
29 silly resolved        'deferreds',
29 silly resolved        'when',
29 silly resolved        'async',
29 silly resolved        'asynchronous',
29 silly resolved        'ender' ],
29 silly resolved     homepage: 'http://cujojs.com',
29 silly resolved     licenses: [ [Object] ],
29 silly resolved     repository: { type: 'git', url: 'https://github.com/cujojs/when' },
29 silly resolved     bugs: { url: 'https://github.com/cujojs/when/issues' },
29 silly resolved     maintainers: [ [Object] ],
29 silly resolved     contributors: [ [Object], [Object], [Object] ],
29 silly resolved     devDependencies:
29 silly resolved      { 'promises-aplus-tests': '~2',
29 silly resolved        benchmark: '~1',
29 silly resolved        microtime: '~0',
29 silly resolved        browserify: '~2',
29 silly resolved        buster: '~0.7',
29 silly resolved        jshint: '~2',
29 silly resolved        rest: '1.1.x',
29 silly resolved        optimist: '~0.6',
29 silly resolved        'sauce-connect-launcher': '~0.4',
29 silly resolved        wd: '~0.2',
29 silly resolved        json5: '~0.2',
29 silly resolved        poly: 'git://github.com/cujojs/poly#0.6.0' },
29 silly resolved     main: 'when',
29 silly resolved     ender: { files: [Object] },
29 silly resolved     browser: { vertx: false },
29 silly resolved     directories: { test: 'test' },
29 silly resolved     scripts:
29 silly resolved      { test: 'jshint . && buster-test -e node && promises-aplus-tests test/promises-aplus-adapter.js',
29 silly resolved        'build-browser-test': 'browserify ./node_modules/poly/es5.js -o test/browser/es5.js && browserify ./test/*-test.js ./test/**/*-test.js -o test/browser/tests.js -x buster ',
29 silly resolved        'browser-test': 'npm run build-browser-test && buster-static -e browser -p 8080',
29 silly resolved        ci: 'npm test && node test/sauce.js',
29 silly resolved        tunnel: 'node test/sauce.js -m',
29 silly resolved        start: 'buster-static -e browser',
29 silly resolved        benchmark: 'node benchmark/promise && node benchmark/map',
29 silly resolved        'browserify-es6': 'browserify -s Promise es6-shim/Promise.browserify-es6.js --no-detect-globals -o es6-shim/Promise.js',
29 silly resolved        browserify: 'browserify -s when build/when.browserify.js --no-detect-globals -o build/when.js',
29 silly resolved        'browserify-debug': 'browserify -s when build/when.browserify-debug.js --no-detect-globals -o build/when.js' },
29 silly resolved     gitHead: '631fc79b3970ec8c99f5e657386e1dd0b4a76f08',
29 silly resolved     _id: 'when@3.7.2',
29 silly resolved     _shasum: '06bed1296df3a0bfd83f7f31c5e1d779bd97eae8',
29 silly resolved     _from: 'when@',
29 silly resolved     _npmVersion: '1.4.28',
29 silly resolved     _npmUser: { name: 'cujojs', email: 'info@cujojs.com' },
29 silly resolved     dist:
29 silly resolved      { shasum: '06bed1296df3a0bfd83f7f31c5e1d779bd97eae8',
29 silly resolved        tarball: 'http://registry.npmjs.org/when/-/when-3.7.2.tgz' },
29 silly resolved     _resolved: 'https://registry.npmjs.org/when/-/when-3.7.2.tgz',
29 silly resolved     readme: 'ERROR: No README data found!' } ]
30 info install when@3.7.2 into /usr/lib
31 info installOne when@3.7.2
32 verbose unbuild
33 verbose tar unpack /home/vinaykumar/.npm/when/3.7.2/package.tgz
34 silly lockFile 68e0be49-tar-usr-lib-node-modules-when tar:///usr/lib/node_modules/when
35 verbose lock tar:///usr/lib/node_modules/when /home/vinaykumar/.npm/68e0be49-tar-usr-lib-node-modules-when.lock
36 silly lockFile 88a70d98-kumar-npm-when-3-7-2-package-tgz tar:///home/vinaykumar/.npm/when/3.7.2/package.tgz
37 verbose lock tar:///home/vinaykumar/.npm/when/3.7.2/package.tgz /home/vinaykumar/.npm/88a70d98-kumar-npm-when-3-7-2-package-tgz.lock
38 silly gunzTarPerm modes [ '775', '664' ]
39 error Error: EACCES, mkdir '/usr/lib/node_modules/when'
39 error  { [Error: EACCES, mkdir '/usr/lib/node_modules/when']
39 error   errno: 3,
39 error   code: 'EACCES',
39 error   path: '/usr/lib/node_modules/when',
39 error   fstream_type: 'Directory',
39 error   fstream_path: '/usr/lib/node_modules/when',
39 error   fstream_class: 'DirWriter',
39 error   fstream_stack:
39 error    [ '/usr/lib/node_modules/npm/node_modules/fstream/lib/dir-writer.js:36:23',
39 error      '/usr/lib/node_modules/npm/node_modules/mkdirp/index.js:46:53',
39 error      'Object.oncomplete (fs.js:108:15)' ] }
40 error Please try running this command again as root/Administrator.
41 error System Linux 3.13.0-46-generic
42 error command "/usr/bin/node" "/usr/bin/npm" "link" "when"
43 error cwd /home/vinaykumar/s15-mobile-pervasive-computing/InteractiveDisplay/google_places_game_deploy
44 error node -v v0.10.36
45 error npm -v 1.4.28
46 error path /usr/lib/node_modules/when
47 error fstream_path /usr/lib/node_modules/when
48 error fstream_type Directory
49 error fstream_class DirWriter
50 error code EACCES
51 error errno 3
52 error stack Error: EACCES, mkdir '/usr/lib/node_modules/when'
53 error fstream_stack /usr/lib/node_modules/npm/node_modules/fstream/lib/dir-writer.js:36:23
53 error fstream_stack /usr/lib/node_modules/npm/node_modules/mkdirp/index.js:46:53
53 error fstream_stack Object.oncomplete (fs.js:108:15)
54 verbose exit [ 3, true ]
