0 info it worked if it ends with ok
1 verbose cli [ 'node',
1 verbose cli   '/usr/local/bin/npm',
1 verbose cli   'install',
1 verbose cli   '--global',
1 verbose cli   'javascripting' ]
2 info using npm@2.5.1
3 info using node@v0.12.0
4 silly cache add args [ 'javascripting', null ]
5 verbose cache add spec javascripting
6 silly cache add parsed spec { raw: 'javascripting',
6 silly cache add   scope: null,
6 silly cache add   name: 'javascripting',
6 silly cache add   rawSpec: '',
6 silly cache add   spec: '*',
6 silly cache add   type: 'range' }
7 verbose addNamed javascripting@*
8 silly addNamed semver.valid null
9 silly addNamed semver.validRange *
10 silly addNameRange { name: 'javascripting', range: '*', hasData: false }
11 silly mapToRegistry name javascripting
12 silly mapToRegistry using default registry
13 silly mapToRegistry registry https://registry.npmjs.org/
14 silly mapToRegistry uri https://registry.npmjs.org/javascripting
15 verbose addNameRange registry:https://registry.npmjs.org/javascripting not in flight; fetching
16 verbose request uri https://registry.npmjs.org/javascripting
17 verbose request no auth needed
18 info attempt registry request try #1 at 9:34:45 PM
19 verbose request id 5e7ac13843b6a0e4
20 verbose etag "7Y7GLFD3ISXLQ77P0JNZZ0OBC"
21 http request GET https://registry.npmjs.org/javascripting
22 http 304 https://registry.npmjs.org/javascripting
23 silly get cb [ 304,
23 silly get   { date: 'Wed, 11 Feb 2015 05:34:42 GMT',
23 silly get     server: 'Apache',
23 silly get     via: '1.1 varnish',
23 silly get     'last-modified': 'Wed, 11 Feb 2015 05:34:42 GMT',
23 silly get     'cache-control': 'max-age=60',
23 silly get     etag: '"7Y7GLFD3ISXLQ77P0JNZZ0OBC"',
23 silly get     age: '0',
23 silly get     'x-served-by': 'cache-lax1435-LAX',
23 silly get     'x-cache': 'HIT',
23 silly get     'x-cache-hits': '1',
23 silly get     'x-timer': 'S1423632882.293933,VS0,VE306',
23 silly get     vary: 'Accept',
23 silly get     'content-length': '0',
23 silly get     'keep-alive': 'timeout=10, max=50',
23 silly get     connection: 'Keep-Alive' } ]
24 verbose etag https://registry.npmjs.org/javascripting from cache
25 verbose get saving javascripting to /Users/JeremyFu/.npm/registry.npmjs.org/javascripting/.cache.json
26 silly addNameRange number 2 { name: 'javascripting', range: '*', hasData: true }
27 silly addNameRange versions [ 'javascripting',
27 silly addNameRange   [ '1.0.0',
27 silly addNameRange     '1.0.1',
27 silly addNameRange     '1.1.0',
27 silly addNameRange     '1.1.1',
27 silly addNameRange     '1.1.2',
27 silly addNameRange     '1.1.3',
27 silly addNameRange     '1.2.0',
27 silly addNameRange     '1.3.0',
27 silly addNameRange     '1.4.0',
27 silly addNameRange     '1.5.0',
27 silly addNameRange     '1.6.0',
27 silly addNameRange     '1.7.0',
27 silly addNameRange     '1.8.0',
27 silly addNameRange     '1.9.0',
27 silly addNameRange     '1.9.1',
27 silly addNameRange     '1.10.0',
27 silly addNameRange     '1.10.1',
27 silly addNameRange     '1.10.2',
27 silly addNameRange     '1.10.3' ] ]
28 verbose addNamed javascripting@1.10.3
29 silly addNamed semver.valid 1.10.3
30 silly addNamed semver.validRange 1.10.3
31 silly cache afterAdd javascripting@1.10.3
32 verbose afterAdd /Users/JeremyFu/.npm/javascripting/1.10.3/package/package.json not in flight; writing
33 verbose afterAdd /Users/JeremyFu/.npm/javascripting/1.10.3/package/package.json written
34 silly install resolved [ { name: 'javascripting',
34 silly install resolved     description: 'Learn JavaScript by adventuring around in the terminal.',
34 silly install resolved     version: '1.10.3',
34 silly install resolved     repository: { url: 'git://github.com/sethvincent/javascripting.git' },
34 silly install resolved     author: { name: 'sethvincent' },
34 silly install resolved     bin: { javascripting: 'index.js' },
34 silly install resolved     preferGlobal: true,
34 silly install resolved     dependencies:
34 silly install resolved      { adventure: '^2.8.0',
34 silly install resolved        'cli-md': '^0.1.0',
34 silly install resolved        colors: '^1.0.3',
34 silly install resolved        diff: '^1.2.1' },
34 silly install resolved     license: 'MIT',
34 silly install resolved     gitHead: '94a4e83904a079474dd7a4dfb1310def4f2e30ab',
34 silly install resolved     bugs: { url: 'https://github.com/sethvincent/javascripting/issues' },
34 silly install resolved     homepage: 'https://github.com/sethvincent/javascripting',
34 silly install resolved     _id: 'javascripting@1.10.3',
34 silly install resolved     scripts: {},
34 silly install resolved     _shasum: '449b3e6b1f59fbf6b4540f5a98c17b96f0a0f3b4',
34 silly install resolved     _from: 'javascripting@*',
34 silly install resolved     _npmVersion: '1.4.28',
34 silly install resolved     _npmUser: { name: 'sethvincent', email: 'sethvincent@gmail.com' },
34 silly install resolved     maintainers: [ [Object] ],
34 silly install resolved     dist:
34 silly install resolved      { shasum: '449b3e6b1f59fbf6b4540f5a98c17b96f0a0f3b4',
34 silly install resolved        tarball: 'http://registry.npmjs.org/javascripting/-/javascripting-1.10.3.tgz' },
34 silly install resolved     directories: {},
34 silly install resolved     _resolved: 'https://registry.npmjs.org/javascripting/-/javascripting-1.10.3.tgz',
34 silly install resolved     readme: 'ERROR: No README data found!' } ]
35 info install javascripting@1.10.3 into /usr/local/lib
36 info installOne javascripting@1.10.3
37 verbose installOne of javascripting to /usr/local/lib not in flight; installing
38 verbose lock using /Users/JeremyFu/.npm/_locks/javascripting-bed8ec56244b9119.lock for /usr/local/lib/node_modules/javascripting
39 silly install write writing javascripting 1.10.3 to /usr/local/lib/node_modules/javascripting
40 silly cache addNamed cb javascripting@1.10.3
41 verbose unbuild lib/node_modules/javascripting
42 verbose gentlyRm vacuuming /usr/local/lib/node_modules/javascripting
43 verbose tar unpack /Users/JeremyFu/.npm/javascripting/1.10.3/package.tgz
44 verbose tar unpacking to /usr/local/lib/node_modules/javascripting
45 verbose gentlyRm vacuuming /usr/local/lib/node_modules/javascripting
46 silly gunzTarPerm modes [ '755', '644' ]
47 error tar.unpack untar error /Users/JeremyFu/.npm/javascripting/1.10.3/package.tgz
48 verbose unlock done using /Users/JeremyFu/.npm/_locks/javascripting-bed8ec56244b9119.lock for /usr/local/lib/node_modules/javascripting
49 verbose fstream_path /usr/local/lib/node_modules/javascripting
50 verbose fstream_type Directory
51 verbose fstream_class DirWriter
52 verbose stack Error: EACCES, mkdir '/usr/local/lib/node_modules/javascripting'
52 verbose stack     at Error (native)
53 verbose fstream_stack /usr/local/lib/node_modules/npm/node_modules/fstream/lib/dir-writer.js:36:23
53 verbose fstream_stack /usr/local/lib/node_modules/npm/node_modules/mkdirp/index.js:46:53
53 verbose fstream_stack FSReqWrap.oncomplete (fs.js:99:15)
54 verbose cwd /Users/JeremyFu/Development/workspace-js/autobanh-tutorial/crossbar_node
55 error Darwin 14.0.0
56 error argv "node" "/usr/local/bin/npm" "install" "--global" "javascripting"
57 error node v0.12.0
58 error npm  v2.5.1
59 error path /usr/local/lib/node_modules/javascripting
60 error code EACCES
61 error errno -13
62 error Error: EACCES, mkdir '/usr/local/lib/node_modules/javascripting'
62 error     at Error (native)
62 error  { [Error: EACCES, mkdir '/usr/local/lib/node_modules/javascripting']
62 error   errno: -13,
62 error   code: 'EACCES',
62 error   path: '/usr/local/lib/node_modules/javascripting',
62 error   fstream_type: 'Directory',
62 error   fstream_path: '/usr/local/lib/node_modules/javascripting',
62 error   fstream_class: 'DirWriter',
62 error   fstream_stack:
62 error    [ '/usr/local/lib/node_modules/npm/node_modules/fstream/lib/dir-writer.js:36:23',
62 error      '/usr/local/lib/node_modules/npm/node_modules/mkdirp/index.js:46:53',
62 error      'FSReqWrap.oncomplete (fs.js:99:15)' ] }
63 error Please try running this command again as root/Administrator.
64 verbose exit [ -13, true ]
65 verbose unbuild lib/node_modules/javascripting
66 verbose gentlyRm vacuuming /usr/local/lib/node_modules/javascripting
